<?xml version="1.0" encoding="utf-8"?>
<TestRun id="a5d32785-c084-4078-90d9-cb1fdadd8de4" name="Lokesh Debnath@DESKTOP-7KE916C 2026-07-06 17:50:43" runUser="DESKTOP-7KE916C\Lokesh Debnath" xmlns="http://microsoft.com/schemas/VisualStudio/TeamTest/2010">
  <Times creation="2026-07-06T17:50:43.0169961+05:30" queuing="2026-07-06T17:50:43.0169964+05:30" start="2026-07-06T17:50:39.3346102+05:30" finish="2026-07-06T17:50:43.0422623+05:30" />
  <TestSettings name="default" id="6a7d42d2-29dc-4e17-80aa-c3580a4ef9e7">
    <Deployment runDeploymentRoot="Lokesh_Debnath_DESKTOP-7KE916C_2026-07-06_17_50_43" />
  </TestSettings>
  <Results>
    <UnitTestResult executionId="7af439ca-db3d-4249-a130-583c10c8c39c" testId="9142fd56-ef9e-2727-ede5-bdcfa62c0fba" testName="LokynexHealth.IntegrationTests.UnitTest1.Test1" computerName="DESKTOP-7KE916C" duration="00:00:00.1081766" startTime="2026-07-06T17:50:42.2126254+05:30" endTime="2026-07-06T17:50:42.3384205+05:30" testType="13cdc9d9-ddb5-4fa4-a97d-d965ccfc6d4b" outcome="Passed" testListId="8c84fa94-04c1-424b-9868-57a2d4851a1d" relativeResultsDirectory="7af439ca-db3d-4249-a130-583c10c8c39c" />
  </Results>
  <TestDefinitions>
    <UnitTest name="LokynexHealth.IntegrationTests.UnitTest1.Test1" storage="c:\cto_lokynex\lokynex-health-hms\backend\tests\lokynexhealth.integrationtests\bin\debug\net10.0\lokynexhealth.integrationtests.dll" id="9142fd56-ef9e-2727-ede5-bdcfa62c0fba">
      <Execution id="7af439ca-db3d-4249-a130-583c10c8c39c" />
      <TestMethod codeBase="C:\CTO_Lokynex\lokynex-health-HMS\backend\tests\LokynexHealth.IntegrationTests\bin\Debug\net10.0\LokynexHealth.IntegrationTests.dll" adapterTypeName="executor://xunit/VsTestRunner3/netcore/" className="LokynexHealth.IntegrationTests.UnitTest1" name="Test1" />
    </UnitTest>
  </TestDefinitions>
  <TestEntries>
    <TestEntry testId="9142fd56-ef9e-2727-ede5-bdcfa62c0fba" executionId="7af439ca-db3d-4249-a130-583c10c8c39c" testListId="8c84fa94-04c1-424b-9868-57a2d4851a1d" />
  </TestEntries>
  <TestLists>
    <TestList name="Results Not in a List" id="8c84fa94-04c1-424b-9868-57a2d4851a1d" />
    <TestList name="All Loaded Results" id="19431567-8539-422a-85d7-44ee4e166bda" />
  </TestLists>
  <ResultSummary outcome="Completed">
    <Counters total="1" executed="1" passed="1" failed="0" error="0" timeout="0" aborted="0" inconclusive="0" passedButRunAborted="0" notRunnable="0" notExecuted="0" disconnected="0" warning="0" completed="0" inProgress="0" pending="0" />
    <Output>
      <StdOut>[xUnit.net 00:00:00.00] xUnit.net VSTest Adapter v3.1.4+50e68bbb8b (64-bit .NET 10.0.9)&#xD;
[xUnit.net 00:00:00.29]   Discovering: LokynexHealth.IntegrationTests&#xD;
[xUnit.net 00:00:00.50]   Discovered:  LokynexHealth.IntegrationTests&#xD;
[xUnit.net 00:00:00.64]   Starting:    LokynexHealth.IntegrationTests&#xD;
[xUnit.net 00:00:00.94]   Finished:    LokynexHealth.IntegrationTests&#xD;
</StdOut>
    </Output>
  </ResultSummary>
</TestRun>