<?xml version="1.0" encoding="utf-8"?>
<TestRun id="fea42acd-df30-4ef3-9956-fb413e613747" name="Lokesh Debnath@DESKTOP-7KE916C 2026-07-06 17:50:45" runUser="DESKTOP-7KE916C\Lokesh Debnath" xmlns="http://microsoft.com/schemas/VisualStudio/TeamTest/2010">
  <Times creation="2026-07-06T17:50:45.4334989+05:30" queuing="2026-07-06T17:50:45.4334994+05:30" start="2026-07-06T17:50:39.3521330+05:30" finish="2026-07-06T17:50:45.7029978+05:30" />
  <TestSettings name="default" id="04cf2c61-35ed-4359-a834-79f53cd9eedb">
    <Deployment runDeploymentRoot="Lokesh_Debnath_DESKTOP-7KE916C_2026-07-06_17_50_45" />
  </TestSettings>
  <Results>
    <UnitTestResult executionId="317b03bf-080a-4c4a-80f8-078a13cd5d68" testId="47e19124-48ce-c1b0-28a9-f0f720881404" testName="LokynexHealth.UnitTests.Features.Patients.CreatePatientCommandHandlerTests.Handle_ValidCommand_GeneratesUniqueMedicalRecordNumber" computerName="DESKTOP-7KE916C" duration="00:00:00.1306155" startTime="2026-07-06T17:50:45.4042741+05:30" endTime="2026-07-06T17:50:45.4735933+05:30" testType="13cdc9d9-ddb5-4fa4-a97d-d965ccfc6d4b" outcome="Passed" testListId="8c84fa94-04c1-424b-9868-57a2d4851a1d" relativeResultsDirectory="317b03bf-080a-4c4a-80f8-078a13cd5d68" />
    <UnitTestResult executionId="8ea919a4-5903-47a6-aff6-0b2d85bac5cf" testId="7573c284-47fe-4f23-977c-fccfcafc8f18" testName="LokynexHealth.UnitTests.Features.Patients.CreatePatientCommandHandlerTests.Handle_ValidCommand_CreatesPatientAndReturnsId" computerName="DESKTOP-7KE916C" duration="00:00:03.0950889" startTime="2026-07-06T17:50:42.1446162+05:30" endTime="2026-07-06T17:50:45.3421023+05:30" testType="13cdc9d9-ddb5-4fa4-a97d-d965ccfc6d4b" outcome="Passed" testListId="8c84fa94-04c1-424b-9868-57a2d4851a1d" relativeResultsDirectory="8ea919a4-5903-47a6-aff6-0b2d85bac5cf" />
  </Results>
  <TestDefinitions>
    <UnitTest name="LokynexHealth.UnitTests.Features.Patients.CreatePatientCommandHandlerTests.Handle_ValidCommand_CreatesPatientAndReturnsId" storage="c:\cto_lokynex\lokynex-health-hms\backend\tests\lokynexhealth.unittests\bin\debug\net10.0\lokynexhealth.unittests.dll" id="7573c284-47fe-4f23-977c-fccfcafc8f18">
      <Execution id="8ea919a4-5903-47a6-aff6-0b2d85bac5cf" />
      <TestMethod codeBase="C:\CTO_Lokynex\lokynex-health-HMS\backend\tests\LokynexHealth.UnitTests\bin\Debug\net10.0\LokynexHealth.UnitTests.dll" adapterTypeName="executor://xunit/VsTestRunner3/netcore/" className="LokynexHealth.UnitTests.Features.Patients.CreatePatientCommandHandlerTests" name="Handle_ValidCommand_CreatesPatientAndReturnsId" />
    </UnitTest>
    <UnitTest name="LokynexHealth.UnitTests.Features.Patients.CreatePatientCommandHandlerTests.Handle_ValidCommand_GeneratesUniqueMedicalRecordNumber" storage="c:\cto_lokynex\lokynex-health-hms\backend\tests\lokynexhealth.unittests\bin\debug\net10.0\lokynexhealth.unittests.dll" id="47e19124-48ce-c1b0-28a9-f0f720881404">
      <Execution id="317b03bf-080a-4c4a-80f8-078a13cd5d68" />
      <TestMethod codeBase="C:\CTO_Lokynex\lokynex-health-HMS\backend\tests\LokynexHealth.UnitTests\bin\Debug\net10.0\LokynexHealth.UnitTests.dll" adapterTypeName="executor://xunit/VsTestRunner3/netcore/" className="LokynexHealth.UnitTests.Features.Patients.CreatePatientCommandHandlerTests" name="Handle_ValidCommand_GeneratesUniqueMedicalRecordNumber" />
    </UnitTest>
  </TestDefinitions>
  <TestEntries>
    <TestEntry testId="47e19124-48ce-c1b0-28a9-f0f720881404" executionId="317b03bf-080a-4c4a-80f8-078a13cd5d68" testListId="8c84fa94-04c1-424b-9868-57a2d4851a1d" />
    <TestEntry testId="7573c284-47fe-4f23-977c-fccfcafc8f18" executionId="8ea919a4-5903-47a6-aff6-0b2d85bac5cf" testListId="8c84fa94-04c1-424b-9868-57a2d4851a1d" />
  </TestEntries>
  <TestLists>
    <TestList name="Results Not in a List" id="8c84fa94-04c1-424b-9868-57a2d4851a1d" />
    <TestList name="All Loaded Results" id="19431567-8539-422a-85d7-44ee4e166bda" />
  </TestLists>
  <ResultSummary outcome="Completed">
    <Counters total="2" executed="2" passed="2" failed="0" error="0" timeout="0" aborted="0" inconclusive="0" passedButRunAborted="0" notRunnable="0" notExecuted="0" disconnected="0" warning="0" completed="0" inProgress="0" pending="0" />
    <Output>
      <StdOut>[xUnit.net 00:00:00.00] xUnit.net VSTest Adapter v3.1.4+50e68bbb8b (64-bit .NET 10.0.9)&#xD;
[xUnit.net 00:00:00.30]   Discovering: LokynexHealth.UnitTests&#xD;
[xUnit.net 00:00:00.50]   Discovered:  LokynexHealth.UnitTests&#xD;
[xUnit.net 00:00:00.66]   Starting:    LokynexHealth.UnitTests&#xD;
[xUnit.net 00:00:04.08]   Finished:    LokynexHealth.UnitTests&#xD;
</StdOut>
    </Output>
  </ResultSummary>
</TestRun>